[2025-08-14 23:22:45,361][INFO] Got 10 albums. [search_albums, search_mb_db.py, line 95][process 9756, thread 3656]


[

Album(catalognumber='COZC-846', date='2014-01-29', album='M@STERPIECE ', tracks=[Track(tracknumber=1, title='M@STERPIECE', artist='765PRO ALLSTARS'), Track(tracknumber=2, title='君が選ぶ道', artist='音無小鳥'), Track(tracknumber=3, title='M@STERPIECE (MOVIE VERSION)', artist='天海春香、星井美希、如月千早、高槻やよい、萩原雪歩、菊地真、双海亜美／真美、水瀬伊織、三浦あずさ、四条貴音、我那覇響'), Track(tracknumber=4, title='M@STERPIECE (オリジナル・カラオ 
ケ)', artist='765PRO ALLSTARS'), Track(tracknumber=5, title='君が選ぶ道 (オリジナル・カラオケ)', artist='音無小鳥')], themes=[], links=["'https://beta.musicbrainz.org/release/957d31fe-8c23-4f4e-a34c-35454c39e7b7'"]), 

Album(catalognumber='COCC-16838', date='2014-01-29', album='M@STERPIECE', tracks=[Track(tracknumber=1, title='M@STERPIECE', artist='765PRO ALLSTARS'), Track(tracknumber=2, title='君が選ぶ道', artist='音無小鳥'), Track(tracknumber=3, title='M@STERPIECE (MOVIE VERSION)', artist='天海春香、星井美希、如月千早、高槻やよい、萩原雪歩、菊地真、双海亜美／真美、水瀬伊織、三浦あずさ、四条貴音、我那覇響'), Track(tracknumber=4, title='M@STERPIECE (オリジナル・カラオケ)', artist='765PRO ALLSTARS'), Track(tracknumber=5, title='君が選ぶ道 (オリジナル・カラオケ)', artist='音無小鳥')], themes=[], links=["'https://beta.musicbrainz.org/release/be7226bd-a3f9-4868-ab4d-27539e4cb304'"]), 

Album(catalognumber='COZC-929', date='2014-06-18', album='ラムネ色 青春 ', tracks=[Track(tracknumber=1, title='ラムネ色 青春', artist='765PRO ALLSTARS'), Track(tracknumber=2, title='待ち受けプリンス (M@STER VERSION)', artist='高槻やよい(CV:仁後真耶子)、 
菊地真(CV:平田宏美)、水瀬伊織(CV:釘宮理恵)'), Track(tracknumber=3, title='ボーナスドラマ ～合宿編～', artist='[dialogue]'), Track(tracknumber=4, title='ラムネ色 青春 (オリジナル・カラオケ)', artist='765PRO ALLSTARS'), Track(tracknumber=5, title='待ち受けプリンス (M@STER VERSION) (オリジナル・カラオケ)', artist='高槻やよい、菊地真、水瀬伊織')], themes=[], links=["'https://beta.musicbrainz.org/release/7bad9784-6eee-4616-99b0-b7a80c52b510'"]), 

Album(catalognumber='COZC-931', date='2014-08-13', album='虹色ミラクル ', tracks=[Track(tracknumber=1, title='虹色ミラクル', artist='765PRO ALLSTARS'), Track(tracknumber=2, title='Fate of the World', artist='天海春香(CV:中村繪里子)、星井美希(CV:長谷川明子)、如月千早(CV:今井麻美)'), Track(tracknumber=3, title='ボーナスドラマ ～眠り姫編～', artist='[dialogue]'), Track(tracknumber=4, title='虹色ミラクル (オリジナル・カラオケ)', artist='765PRO ALLSTARS'), Track(tracknumber=5, title='Fate of the World (オリジナル・カラオケ)', artist='天海春香、星井美希、如月千早')], themes=[], links=["'https://beta.musicbrainz.org/release/dcc00cb9-565c-4a15-907f-144e588b7a8c'"]), 

Album(catalognumber='COCC-16883', date='2014-06-18', album='ラムネ色 青春', tracks=[Track(tracknumber=1, title='ラムネ色 青春', artist='765PRO ALLSTARS'), Track(tracknumber=2, title='待ち受けプリンス (M@STER VERSION)', artist='高槻やよい(CV:仁後真耶子)、菊地真(CV:平田宏美)、水瀬伊織(CV:釘宮理恵)'), Track(tracknumber=3, title='ボーナスドラマ ～合宿編～', artist='[dialogue]'), Track(tracknumber=4, title='ラムネ色 青春 (オリジナル・カラオケ)', artist='765PRO ALLSTARS'), Track(tracknumber=5, title='待ち受けプリンス (M@STER VERSION) (オリジナル・カラオケ)', artist='高槻やよい、菊地真、水瀬伊織')], themes=[], links=["'https://beta.musicbrainz.org/release/5083bff5-7f6d-411c-9eba-1e04aff3b969'"]), 

Album(catalognumber='COCC-16920', date='2014-08-27', album='THE iDOLM@STER MASTER ARTIST 3 PROLOGUE ONLY MY NOTE', tracks=[Track(tracknumber=1, title='ONLY MY NOTE (M@STER VERSION)', artist='765PRO ALLSTARS'), Track(tracknumber=2, title='アクセルレー
ション (M@STER VERSION)', artist='玲音（茅原実里）'), Track(tracknumber=3, title='アイドルマスターOFA・DLC2014年8月ソロ新曲メドレー', artist='765PRO ALLSTARS'), Track(tracknumber=4, title='ONLY MY NOTE (M@STER VERSION) オリジナル
・カラオケ', artist='765PRO ALLSTARS'), Track(tracknumber=5, title='アクセルレーション (M@STER VERSION) オリジナル・カラオケ', artist='玲音（茅原実里）')], themes=[], links=["'https://beta.musicbrainz.org/release/3c8b50a2-003e-481d-9df8-da20863ae543'"]), 

Album(catalognumber='', date='', album='THE IDOLM@STER CINDERELLA GIRLS STARLIGHT MASTER for the NEXT! 07 Gaze and Gaze', tracks=[Track(tracknumber=1, title='Gaze and Gaze (M@STER VERSION)', artist='川島
瑞樹(CV:東山奈央)、村上巴(CV:花井美春)'), Track(tracknumber=2, title='Gaze and Gaze (M@STER VERSION) (川島瑞樹ソロ・リミックス)', artist='川島瑞樹'), Track(tracknumber=3, title='Gaze and Gaze (M@STER VERSION) (村上巴ソロ・リミッ 
クス)', artist='村上巴'), Track(tracknumber=4, title='Gaze and Gaze (M@STER VERSION) (オリジナル・カラオケ)', artist='川島瑞樹、村上巴'), Track(tracknumber=5, title='Gaze and Gaze (Game Version)', artist='川島瑞樹、村上巴')], themes=[], links=["'https://beta.musicbrainz.org/release/967d07a9-b862-4e93-afac-6266097dbab5'"]), 

Album(catalognumber='COZP-860', date='2014-06-25', album='Eternity ', tracks=[Track(tracknumber=1, title='If –君が行くセカイ– (Music 
Video)', artist='TRUSTRICK'), Track(tracknumber=2, title='ATLAS (Music Video)', artist='TRUSTRICK'), Track(tracknumber=3, title='beautiful dreamer (Music Video)', artist='TRUSTRICK'), Track(tracknumber=4, title='If –君が行くセカ 
イ– (Making Clip)', artist='TRUSTRICK'), Track(tracknumber=5, title='ATLAS (Making Clip)', artist='TRUSTRICK')], themes=[], links=["'https://beta.musicbrainz.org/release/f5fa0ccf-6df9-4365-85ec-05f2e4d67cbe'"]), 

catalognumber='COCC-16720', date='2013-05-22', album='非公認戦隊アキバレンジャー シーズン痛! 主題歌CD', tracks=[Track(tracknumber=1, title='アキバレンジャー シーズン痛!', artist='桃井はるこ feat. 山形ユキオあんどMoJo'), Track(tracknumber=2, title='スーパー戦隊☆非公認応援歌', artist='赤木信夫と、山形ユキオあんどMoJo'), Track(tracknumber=3, title='アキバレンジャー シーズン痛! (オリジナル・カラオケ)', artist='桃井はるこ feat. 山形ユキオあんどMoJo'), Track(tracknumber=4, title='スーパー戦隊☆非公認応援歌 (オリジナル・カラオケ)', artist='赤木信夫と、山形ユキオあんどMoJo'), Track(tracknumber=5, title='スーパー戦隊☆非公認応援歌 (桃井&山形&Mojo ver)', artist='桃井はるこ feat. 山形ユキオあんどMoJo')], themes=[], links=["'https://beta.musicbrainz.org/release/aad0a734-b0d1-4bd4-ab52-1791a6a42dab'"]), 

Album(catalognumber='COZP-898', date='2014-04-23', album='歌手生活60周年記念 島倉千代子全集「こころ」 ～すべての方に感謝を込め 
て～ ', tracks=[Track(tracknumber=1, title='お山のお猿', artist='島倉千代子'), Track(tracknumber=2, title='矢切の渡し', artist='島倉千代子'), Track(tracknumber=3, title='もらい風呂', artist='島倉千代子'), Track(tracknumber=4, title='おかあさん', artist='島倉千代子'), Track(tracknumber=5, title='からたちの小径', artist='島倉千代子')], themes=[], links=["'https://beta.musicbrainz.org/release/bda008fb-5b6a-4d85-bf1a-ef20d5bfc175'"])]























