http://www.mediafire.com/file/u7qapv29c75qq72/%E3%82%8B%E3%82%8B%E5%B9%BC%E7%A8%9A%E5%9C%92+-+2014.08.17+-+%E3%81%8D%E3%82%85.7z
https://www.mediafire.com/file/vh0twnb7xzodgm4
https://www.mediafire.com/file/p6c91f66dl9561l
https://www.mediafire.com/file/pjoaev05hkkx884



https://mega.nz/#F!W8UUVSwJ!1H_Y1fn55w-PqFqP0UUy-g
https://mega.nz/#F!ihFCCS7L!0fN-sPmjfW1r76DSW_EQ8w
https://mega.nz/#F!K91hzIqS!PPuzfXX0neFufLV5-le6Ww
https://mega.nz/#!qgE01IjJ!C4IV1FwCy81ZqYpRM_AUx1mDeQIag1HvlWjdPyNHJxk
https://mega.nz/#!XepijIjC!E-YsiQZavlu7xMijsogOJh_IaJiwlrd1dVNMdx3e37Q
https://mega.nz/#!2HxGXIyR!DP_HL72ioM_mbVAah-PwoVgX8UT6HXAgAMwakpPoHcQ
https://mega.nz/#!Le5mwYqD!DqT_ZTWkkrkjE9AqrolE0aaL_AEKL53-ttbC1wtwYXM
https://mega.nz/#!HDhgmYDb!UMvIv3bX7k-7Y5yLLacEcVpLGbVYZG4LdHLnyXLWorw
https://mega.nz/#!rSQhGYYD!OdSNjpOBqzQH-xcCn8OuB7WlvxMgrmbEi2wY3DIjL54
https://mega.nz/#!XeR0UKQR!O2eZpC_GMcEJaBbVzUo4eJ5dxCE3aueDiUYs-kPqTPo
https://mega.nz/#!yCAAgKRL!X36bmdvAVVXvz_xxuruZ7RLD08wPbJb16VJbhpvWqYw
https://mega.nz/#!T9dSGK6Y!iVgYi3CMaUOLMby0uhdF1T5VR2QDA5wOTsbQrIRPBHY
https://mega.nz/#!7w4X3AhQ!IeilTfukJtpvPAf7c_D6VfttR_9yXPtO5wjg7QrcVR0
https://mega.nz/#!e0wFyYaK!ZmMyR2U0G5pzsn3vdv1MZhCAFeZtVAFP_2PGHdQobkM
https://mega.nz/#!eVx3iKIQ!uSkfIslS0ZOaY7XZ8XvxH9S-uMzHWcRK5vawEkl2XV8
https://mega.nz/#!aAxSiQSb!lUujyVo0DhZF0rs39rEBw8_NI9IHyyXTIOGtm9Gn7EA
https://mega.nz/#!7NA1jKoI!71Ja_1L8-3CrBeOLMyDX7VPEEtER5iDjQCfzC16nsRY
https://mega.nz/#!DMJxzQaB!jAwRmjDnFpEiI69kKFFbjwS-Rb3SfIlLsprLHht-XkE
https://mega.nz/#!SdBFRYoS!4ScRwPXQRx1dsMjsIFNJSxZgtgp7f8DLjgNWA0i13q4
https://mega.nz/#!eUJFlYjI!m_z27y4Wr8ZPfz98793SeBJSp2pOhwInVDegjiXifBo
https://mega.nz/#!21c11aIY!HCbNs9BW3IWLAqwR3BD0daif6qFw1bdLF3lAOPc5_w0
https://mega.nz/#F!vwESmIza!N1HPk5hpX38MmFluI5FgSw
https://mega.nz/#F!mwMgXSgT!Oy7yVPx-zJ0qQkmk7UaKsA
https://mega.nz/#!swpWxB5B!bYaSlb86C1L07Zxjx4wczXV_btrSE8J8jm0fHXCflCo
https://mega.nz/#F!bkFQQYIT!ClGgGP9kyxRbSTkD8rF3lw
https://mega.nz/#!mBtFTIRA!xZ922DlhhZ93A3ZB9hp5xLGth6mxnKfy2Zck1pPsRIw
https://mega.nz/#!TXxGSYya!9prm4SWuuTGhZjrmyB2r6KXtWGp4lU6Cj0acbA_Z78w
https://mega.nz/#!9NsAWCBB!EID6IxpGW5gt0Q-_bhubyoid0pgYENxr28agxDUFccE
https://mega.nz/#!FQ1CwYhC!6qCNJrtIzjhy9LKtqp6y06bx4WypVQPUosb2F4rxltQ
https://mega.nz/#F!lSA03AwI!Swos3t7G_lbkHrhMx451Xg
https://mega.nz/#!P8IxhSxa!wAuvVeDAYlZTv0WFYdeLLDnCPmDZFTH8cvkdxr-5KEQ
https://mega.nz/#!4d80QQRD!xPiD3bsh3tqxL1H7n2e-WpBTlu7PaqALPNQbno1fERw
https://mega.nz/#!CFxAgQIa!VAPfhSxNzImeHaSw4-vG9OR5pFpuG3XafCOBdY8_MVU
https://mega.nz/#!Zdk2UAQA!jzHCL_9s0QBui5GUjqLGVhdhpbGjatK5KirocDtSOKQ
https://mega.nz/#!SzITDAjQ!0Wwh82-yDvv0FlnPmoP2H44I6Xxm8Olp4w6nsDqCm98
https://mega.nz/#!DjYDhSAI!A0TRZ8PSUPim_tUeQbComb-B9B1SooCevj-ysgyEUo8
https://mega.nz/#!3v5XjKIL!ZFQR-Nb3a5CQctO4JZmV-YPdpZwsjqR_sJBnPKiEYV4
https://mega.nz/#!3rBzGQ4L!J-tZuamL0e4RV8Ln_jbBl2S9pag_ivjzKkh6L7hc-zk
https://mega.nz/#!nvI1lYZI!1vzbMXqHGrdv5wutZmgf8pCZiC_L_7gTuBCANxNwMHU
https://mega.nz/#!SnQFnIIa!9JmkrkjlmS4lhsQqR9r_WTNbiMMnDGsTDNB6hU_Uu_I
https://mega.nz/#!2yRXhQYK!4ikawCWbyfZDEv5bHJ0Dkc5W9oNZq7Kf8_6lgxpU8dQ
https://mega.nz/#F!CgFDEACC!RsBGK-7nFkwRniUzNTi8SQ
https://mega.nz/#!xd8hwCqT!GpqXCfO0LeD-E8JUjIvvS1hzaJ4z9UEA5Jhcv8G-2rI
https://mega.nz/#!sJFRSIIJ!sobNRASLDqAOaWTCtt4RhLBNIt7LQO6GLyuflB5MRK8
https://mega.nz/#!5MsxjY5L!QSS9Y3AdvuXf0UzgHzLtU5HriYEObrq8M_NwRuBnRWw
https://mega.nz/#!VNcGzSqY!2zS29QRvV-3I9hrZGqkl73lF6x6Q4GJkYjMDhx6Bzbs
https://mega.nz/folder/4CwRDYSL#w0V4pYkQ_T-7EgqilDg_Sw
https://mega.nz/#!RN1hSSaC!-vc6PS3IgnrlhgygHyGR34NT3GRpF3b6arf_QkVid4o
https://mega.nz/#!RFEEjA4Y!_xOCCv1AKxlSqGOiARyQCMA_2FtIZZqVhLFx7C4Hmlw
https://mega.nz/#F!S8NTRIjD!7kgSeLn6BRYEDjjEw65DuQ
https://mega.nz/#F!9CZygQ6S!pUUMyv2HVUdGPjUHSOhqRA
https://mega.nz/#F!XwEXgaib!bZnO0rBqT0DZcDmLlQRAIw
https://mega.nz/#F!D9VDEaZJ!nujalA7oXNLECwcj9vv5Ng
https://mega.nz/#F!61tFFYDD!33_JKLlVdQulTWLmHIWtHw
https://mega.nz/#F!v8dUESQB!lOnA5VqMRz0D2BYnz1ZKFQ
https://mega.nz/#F!P4VnEQ4Y!UvZhPduxZV6ZjH-yhuw8HQ
https://mega.nz/#F!2wlH2SAT!pafMsP-mTvY_mwkvqfhAbQ
https://mega.nz/#!wAdCiYxK!hnQcNS8PMfpZspk4W8it00tCcwKnZytUwCM8v9eTVYI
https://mega.nz/#!Zd8DlIZT!SAAGtu_LcDAkb5EtMU53dWWPAwWJPQvwPBVFppRrwOk
https://mega.nz/#!pc8FTaRK!ZxdOvX-pwANFbuPOFSyP1wKgwdA-eEKEtPQdDJO95_w
https://mega.nz/#!dY8BRCAT!ROzmpB07ftHGcFrAcg2xULzRsDXIEpD1mzPwx7lQUtE
https://mega.nz/#!URkghAhJ!MWip7a7vsXkZJTz3Vl3MyqbOVhCtqyIImKN9ffTuPUE
https://mega.nz/#F!mdoARYSS!uBjmJWEzQzgpbaGcnSTGIA
https://mega.nz/#F!sLAjiIKT!M8_WtIca7sQjXuchDIq6sg
https://mega.nz/#F!alkRAYqa!DSaRG3zv_loTlzhGsqf1SQ
https://mega.nz/#F!788j2SZL!3gAYdCIvci22R39CX86Gwg
https://mega.nz/#F!z11h3CrY!vBWZ-VfE6qv1XX8rmOa6ng
https://mega.nz/#!RNdxzCzK!mQkH_669ZrPTZAFKTKkO1Yw0p5HYjFBd1ae9O7Wc1Gk
https://mega.nz/#F!mdoARYSS!uBjmJWEzQzgpbaGcnSTGIA
https://mega.nz/#F!mdoARYSS!uBjmJWEzQzgpbaGcnSTGIA
https://mega.nz/#F!mdoARYSS!uBjmJWEzQzgpbaGcnSTGIA
https://mega.nz/#F!mdoARYSS!uBjmJWEzQzgpbaGcnSTGIA
https://mega.nz/#F!mdoARYSS!uBjmJWEzQzgpbaGcnSTGIA
https://mega.nz/#!Io9RwAzb!6NGVI9bOjo1K1SQPYa5xBn2ZTjXxFYv4b2zeBYwU5xo
https://mega.nz/#!8kcgGAzZ!tGKsDFA1C33LfrzYxS3xv_8Ek_jNKd__eYtCe6UJ8oY
https://mega.nz/#F!z9kSAA4C!obQIK4_jbVWDy5nMixvBLg
https://mega.nz/#!Uwc00SZJ!TKBkD6T6kruWX0biMQilnn2b9dmM4LyRNT7d_BerMCQ
https://mega.nz/#!Ult0SS7I!0e4i4cahw0LmIKdzrD1WwpUgd51W15x-f3BIQh9w-Uc
https://mega.nz/#!pMJFTA4R!bzvBPyCnJcTaxE7iHaPKaapCKkKbzKatX2Q0pNXUM-4
https://mega.nz/#!VR9FVA6B!cdnW3PI1O5QU5s0ERJxaQFsnIP17NpvIb8160MLIirI
https://mega.nz/#!pElnGCoZ!AdEJd2LpB2N30r0vU3m_FMotziIC7b7jvkP639VPtPU
https://mega.nz/#!4U0E0SSB!EpA_j8S44W5R7yGC_fhRMaDyUbW_hL2uxfY69GW4ieM
https://mega.nz/#!dMsDkSKb!W9jnY_X89eUXzIZRAFI61wWdqGygF3OTd8eHzRZ8Dbk
https://mega.nz/#!pQRiHSJS!M1DwziEhLm4pxEpqY2jIIU5gPliGU5uewx_RwpU5YPE
https://mega.nz/#F!ip0DTKST!1eIzPpdwi0PDAHoegVoJag
https://mega.nz/#!7kE0wSAT!ENfN93dF2phSpAqXHz7qU2lT0xdNBJYKhPdSdeQA3tw
https://mega.nz/#!i8MGSIza!wKswM1NOPeWWPufdO3ip2tb5lZcJuJM4-jXKETa1K2M
https://mega.nz/#F!mocUjSoa!VtrHv9BvXoIiDgvm5X_ZjQ
https://mega.nz/#F!L0chmSwC!FjIlacx_I6_yaVG9nS2oUA
https://mega.nz/#F!EWYjSKhB!1xbtMJvmTsDVY5mAKFcZMw
https://mega.nz/#F!AbBF2KYI!7_fMmWgfsenJt9PRHyjX0Q
https://mega.nz/#F!8WRHzAoQ!1BwSaRTTsRM4t7wWxbFEyQ
https://mega.nz/#F!tDRRlKqC!YYGTsk9vzBO_AQ14dBw_tw
https://mega.nz/#F!NCR3iYzR!Rf4op6ajiN8lkoSMSPHmMQ
https://mega.nz/#!LC4HzCbZ!LKKk_ms5-pwRDXDkO3a1ODYPuu-JiyXeyRJkLAwmu5E
https://mega.nz/#!oIVh3apB!Rlki2W516jcjXkMV-GfDA3NR7AtUQ4RSjOSkLA8z2N0
https://mega.nz/folder/NPRCFQhR#h_LnvqClxmPNgLVLSoFkFA
https://mega.nz/folder/RPJ0WYLY#vvxO0rU_zm4wJX6_Z4Ch5w
https://mega.nz/folder/MXojkQra#RHCbu4jeeGwM20ywp05EGg
https://mega.nz/folder/pDRAwI7B#qIFXQJJysWXRJptGGx2JOw
https://mega.nz/folder/8DIgmSxY#dYRotPPriXyaFzIPGb4B2g
https://mega.nz/folder/lPhFxCCb#ME2qSawhZCr0wtM2quAMzw
https://mega.nz/folder/ex8C0Yxa#hrr1dGSarm7vfseFKWbGwA
https://mega.nz/folder/PtdzGaIJ#XN0fySdl-yXHSwK2b-Ug5g
https://mega.nz/folder/Pg0SjYgb#ZyIdPUXWRzhxy43_LBNPGw
https://mega.nz/folder/FC4mABRL#faFPXINjWaBXGrF1llJ3Iw
https://mega.nz/folder/jl0XlAgQ#hM-hx3_uCP9jVxOUi9jKMQ
https://mega.nz/folder/pGhAgKaD#jG_H9HT-n0xGI0ceA7wVYA
https://mega.nz/folder/pGhAgKaD#jG_H9HT-n0xGI0ceA7wVYA
https://mega.nz/folder/pZokACQD#n9Hy0saXCfC6UjYD4KBQPQ
https://mega.nz/folder/v48XAI6b#xzA6bJ1UlCqQDrX_duHGQg
https://mega.nz/folder/bstCxbLZ#t5HwHxlmptgeT8SnT7Yhxw
https://mega.nz/folder/bstCxbLZ#t5HwHxlmptgeT8SnT7Yhxw
https://mega.nz/folder/39ZVAbDQ#g2Xyk9eg6WP0banhIjvhuA
https://mega.nz/folder/FC4mABRL#faFPXINjWaBXGrF1llJ3Iw
https://mega.nz/#F!74shSKyB!uvt6pnVg0VSctLwd8D6mbA
https://mega.nz/#F!ngtzGQYT!gZd-nOiZrFajSSXUgSf3EQ
https://mega.nz/#F!vh0U2CRI!meEjwwkaARA1kpj1bU1F-A
https://mega.nz/folder/ZWgxXSiK#9S8m21-W_ESk5-GNF9_iAw
https://mega.nz/#F!rokEzS7b!vHpl3DE9rsg8QcZRj8zR7A
https://mega.nz/#F!OIpHSK4Y!Nn7ySB6fQxWMkgDaAuvEYQ
https://mega.nz/#F!319mGYwL!arNu4zh2pKUwzWQ1xhvsig
https://mega.nz/folder/4CwRDYSL#w0V4pYkQ_T-7EgqilDg_Sw
https://mega.nz/#F!esF30QaL!fXXt46arF0ZZiNrPeSm7sQ
https://mega.nz/#F!28UWWAzI!-OQHAV0XUTyvQago2Pv12g
https://mega.nz/#F!blkTlSZR!Ut3BVOgT19hRyZGaCpWpmQ
https://mega.nz/#F!29E2kA4T!2Vo0B91Y_-DufV-2pPVBFw
https://mega.nz/#F!WxUyFIpK!VSFm1A8nzYJHxbvaLwNKcA
https://mega.nz/folder/W1sijCZD#_xkoGVW3fRyemeR7CVp0Ww
https://mega.nz/#F!9OJHEA4A!Hfj-AlJ28bbM1d3LaybGcw
https://mega.nz/#F!TlVmVCCK!fvKQfAmHLvG1pb7oEPzHsA
https://mega.nz/#F!bhk13LRY!Xkq8XxUW3caRJVepZsfN6A
https://mega.nz/#F!jwd3XKLC!W3UImQwUYjVnwgsIZHzPCQ
https://mega.nz/#F!z80UDYZZ!FhFsnIx3HMZumFy-Hgu8sg
https://mega.nz/#F!i9shRaKb!ha61ojE12kXiPp5XkAQ-EQ
https://mega.nz/#F!K91hzIqS!PPuzfXX0neFufLV5-le6Ww
https://mega.nz/#F!Xw1g0CRb!JnN1VoyqJy2OXjUmr8t_rA
https://mega.nz/#F!rokTHBbS!gsMDIFIUoIVEKh1qnwpapA
https://mega.nz/#F!Tg8FDSTL!qJ_t-amzYdpzPOZ7MSVePA
https://mega.nz/#F!3gdRUaDZ!uE95DjuNWddTjruCaJkx3A
https://mega.nz/#F!2AYhQQgZ!J7BT6DHEJUdom8TtuEiOjg
https://mega.nz/#F!n98FTB5L!r-AphVry-KSl1UxONMAnDg
https://mega.nz/#F!K08TAS4a!EwjxwVw5qOtpIreKgqwOjw
https://mega.nz/#F!78k1gIiI!xFPxIarDnVFu1yf-Xhexug
https://mega.nz/#F!aglBkY4Y!zAhAuH8o_BfydgzfO41dVw
https://mega.nz/#F!20N1gaDT!yutEfHyjeGdWtZF7Eq0QyQ
https://mega.nz/#F!j98B1JSa!CM8k7f0c23-djPslM4wtWQ
https://mega.nz/#F!yptFSIYY!AzSxuFHPrtHuG5XNIKfPtA
https://mega.nz/#F!KwkHBaqQ!qwq6Q8Fp8ijzNzkqltU-Zw






















































































































